#
# There is insufficient memory for the Java Runtime Environment to continue.
# Native memory allocation (malloc) failed to allocate 1048576 bytes for AllocateHeap
# Possible reasons:
#   The system is out of physical RAM or swap space
#   The process is running with CompressedOops enabled, and the Java Heap may be blocking the growth of the native heap
# Possible solutions:
#   Reduce memory load on the system
#   Increase physical memory or swap space
#   Check if swap backing store is full
#   Decrease Java heap size (-Xmx/-Xms)
#   Decrease number of Java threads
#   Decrease Java thread stack sizes (-Xss)
#   Set larger code cache with -XX:ReservedCodeCacheSize=
#   JVM is running with Unscaled Compressed Oops mode in which the Java heap is
#     placed in the first 4GB address space. The Java Heap base address is the
#     maximum limit for the native heap growth. Please use -XX:HeapBaseMinAddress
#     to set the Java Heap base and to place the Java Heap above 4GB virtual address.
# This output file may be truncated or incomplete.
#
#  Out of Memory Error (memory/allocation.inline.hpp:61), pid=26652, tid=0x0000000000006034
#
# JRE version:  (8.0_202-b49) (build )
# Java VM: OpenJDK 64-Bit Server VM (25.202-b49 mixed mode windows-amd64 compressed oops)
# Failed to write core dump. Minidumps are not enabled by default on client versions of Windows
#

---------------  T H R E A D  ---------------

Current thread (0x0000000000bee000):  JavaThread "Unknown thread" [_thread_in_vm, id=24628, stack(0x0000000000c40000,0x0000000000d40000)]

Stack: [0x0000000000c40000,0x0000000000d40000]
[error occurred during error reporting (printing stack bounds), id 0xc0000005]

Native frames: (J=compiled Java code, j=interpreted, Vv=VM code, C=native code)


---------------  P R O C E S S  ---------------

Java Threads: ( => current thread )

Other Threads:

=>0x0000000000bee000 (exited) JavaThread "Unknown thread" [_thread_in_vm, id=24628, stack(0x0000000000c40000,0x0000000000d40000)]

VM state:not at safepoint (normal execution)

VM Mutex/Monitor currently owned by a thread: None

heap address: 0x0000000081c00000, size: 2020 MB, Compressed Oops mode: 32-bit
Narrow klass base: 0x0000000000000000, Narrow klass shift: 3
Compressed class space size: 1073741824 Address: 0x0000000100000000

Heap:
 PSYoungGen      total 38400K, used 665K [0x00000000d5f00000, 0x00000000d8980000, 0x0000000100000000)
  eden space 33280K, 2% used [0x00000000d5f00000,0x00000000d5fa6670,0x00000000d7f80000)
  from space 5120K, 0% used [0x00000000d8480000,0x00000000d8480000,0x00000000d8980000)
  to   space 5120K, 0% used [0x00000000d7f80000,0x00000000d7f80000,0x00000000d8480000)
 ParOldGen       total 87552K, used 0K [0x0000000081c00000, 0x0000000087180000, 0x00000000d5f00000)
  object space 87552K, 0% used [0x0000000081c00000,0x0000000081c00000,0x0000000087180000)
 Metaspace       used 777K, capacity 4480K, committed 4480K, reserved 1056768K
  class space    used 74K, capacity 384K, committed 384K, reserved 1048576K

Card table byte_map: [0x0000000011a60000,0x0000000011e60000] byte_map_base: 0x0000000011652000

Marking Bits: (ParMarkBitMap*) 0x000000006bda9f30
 Begin Bits: [0x0000000012410000, 0x00000000143a0000)
 End Bits:   [0x00000000143a0000, 0x0000000016330000)

Polling page: 0x0000000000a80000

CodeCache: size=245760Kb used=328Kb max_used=328Kb free=245431Kb
 bounds [0x00000000026a0000, 0x0000000002910000, 0x00000000116a0000]
 total_blobs=57 nmethods=0 adapters=38
 compilation: enabled

Compilation events (0 events):
No events

GC Heap History (0 events):
No events

Deoptimization events (0 events):
No events

Classes redefined (0 events):
No events

Internal exceptions (0 events):
No events

Events (10 events):
Event: 0.209 loading class java/lang/Short
Event: 0.209 loading class java/lang/Short done
Event: 0.209 loading class java/lang/Integer
Event: 0.210 loading class java/lang/Integer done
Event: 0.210 loading class java/lang/Long
Event: 0.210 loading class java/lang/Long done
Event: 0.212 loading class java/lang/NullPointerException
Event: 0.212 loading class java/lang/NullPointerException done
Event: 0.212 loading class java/lang/ArithmeticException
Event: 0.212 loading class java/lang/ArithmeticException done


Dynamic libraries:
0x00007ff6418b0000 - 0x00007ff6418e1000 	C:\Users\Igor\AppData\Local\JetBrains\Toolbox\apps\IDEA-U\ch-0\191.7141.44\jre64\bin\java.exe
0x00007ffe21d30000 - 0x00007ffe21f00000 	C:\WINDOWS\SYSTEM32\ntdll.dll
0x00007ffe1fb90000 - 0x00007ffe1fc3b000 	C:\WINDOWS\System32\KERNEL32.DLL
0x00007ffe1f040000 - 0x00007ffe1f25d000 	C:\WINDOWS\System32\KERNELBASE.dll
0x000000006c8d0000 - 0x000000006c965000 	C:\WINDOWS\System32\SYSFER.DLL
0x00007ffe1fa30000 - 0x00007ffe1fad2000 	C:\WINDOWS\System32\ADVAPI32.dll
0x00007ffe1f860000 - 0x00007ffe1f8fe000 	C:\WINDOWS\System32\msvcrt.dll
0x00007ffe1f900000 - 0x00007ffe1f959000 	C:\WINDOWS\System32\sechost.dll
0x00007ffe21ba0000 - 0x00007ffe21cc1000 	C:\WINDOWS\System32\RPCRT4.dll
0x00007ffe212b0000 - 0x00007ffe21415000 	C:\WINDOWS\System32\USER32.dll
0x00007ffe1e420000 - 0x00007ffe1e43e000 	C:\WINDOWS\System32\win32u.dll
0x00007ffe21730000 - 0x00007ffe21764000 	C:\WINDOWS\System32\GDI32.dll
0x00007ffe1e220000 - 0x00007ffe1e3a1000 	C:\WINDOWS\System32\gdi32full.dll
0x00007ffe0c9e0000 - 0x00007ffe0cc5a000 	C:\WINDOWS\WinSxS\amd64_microsoft.windows.common-controls_6595b64144ccf1df_6.0.14393.2848_none_7ddecd5e83436d8c\COMCTL32.dll
0x00007ffe1f320000 - 0x00007ffe1f5e5000 	C:\WINDOWS\System32\combase.dll
0x00007ffe1ecd0000 - 0x00007ffe1edc4000 	C:\WINDOWS\System32\ucrtbase.dll
0x00007ffe1e3b0000 - 0x00007ffe1e41a000 	C:\WINDOWS\System32\bcryptPrimitives.dll
0x00007ffe1fb60000 - 0x00007ffe1fb8e000 	C:\WINDOWS\System32\IMM32.DLL
0x000000006b500000 - 0x000000006b5d2000 	C:\Users\Igor\AppData\Local\JetBrains\Toolbox\apps\IDEA-U\ch-0\191.7141.44\jre64\bin\msvcr100.dll
0x000000006b5e0000 - 0x000000006be26000 	C:\Users\Igor\AppData\Local\JetBrains\Toolbox\apps\IDEA-U\ch-0\191.7141.44\jre64\bin\server\jvm.dll
0x00007ffe1fa20000 - 0x00007ffe1fa28000 	C:\WINDOWS\System32\PSAPI.DLL
0x00007ffe107a0000 - 0x00007ffe107a9000 	C:\WINDOWS\SYSTEM32\WSOCK32.dll
0x00007ffe1f7f0000 - 0x00007ffe1f85a000 	C:\WINDOWS\System32\WS2_32.dll
0x00007ffe1c830000 - 0x00007ffe1c853000 	C:\WINDOWS\SYSTEM32\WINMM.dll
0x00007ffe16cc0000 - 0x00007ffe16cca000 	C:\WINDOWS\SYSTEM32\VERSION.dll
0x00007ffe1c7d0000 - 0x00007ffe1c7fb000 	C:\WINDOWS\SYSTEM32\WINMMBASE.dll
0x00007ffe1eb20000 - 0x00007ffe1eb62000 	C:\WINDOWS\System32\cfgmgr32.dll
0x00007ffe0c7d0000 - 0x00007ffe0c7df000 	C:\Users\Igor\AppData\Local\JetBrains\Toolbox\apps\IDEA-U\ch-0\191.7141.44\jre64\bin\verify.dll
0x00007ffde2720000 - 0x00007ffde2749000 	C:\Users\Igor\AppData\Local\JetBrains\Toolbox\apps\IDEA-U\ch-0\191.7141.44\jre64\bin\java.dll
0x00007ffde2660000 - 0x00007ffde2676000 	C:\Users\Igor\AppData\Local\JetBrains\Toolbox\apps\IDEA-U\ch-0\191.7141.44\jre64\bin\zip.dll

VM Arguments:
java_command: org.jetbrains.git4idea.http.GitAskPassApp Username for 'https://github.com': 
java_class_path (initial): C:/Users/Igor/AppData/Local/JetBrains/Toolbox/apps/IDEA-U/ch-0/191.7141.44/plugins/git4idea/lib/git4idea-rt.jar;C:/Users/Igor/AppData/Local/JetBrains/Toolbox/apps/IDEA-U/ch-0/191.7141.44/lib/xmlrpc-2.0.1.jar;C:/Users/Igor/AppData/Local/JetBrains/Toolbox/apps/IDEA-U/ch-0/191.7141.44/lib/commons-codec-1.10.jar;C:/Users/Igor/AppData/Local/JetBrains/Toolbox/apps/IDEA-U/ch-0/191.7141.44/lib/util.jar
Launcher Type: SUN_STANDARD

Environment Variables:
PATH=C:/Program Files/Git/mingw64/libexec/git-core;C:/Program Files/Git/mingw64/libexec/git-core;C:\Program Files\Git\mingw64\bin;C:\Program Files\Git\usr\bin;C:\Users\Igor\bin;C:\Program Files (x86)\Common Files\Oracle\Java\javapath;C:\ProgramData\Oracle\Java\javapath;C:\WINDOWS\system32;C:\WINDOWS;C:\WINDOWS\System32\Wbem;C:\WINDOWS\System32\WindowsPowerShell\v1.0\;C:\WINDOWS\CCM;C:\Program Files\Git\cmd;C:\Program Files (x86)\Brackets\command;C:\Program Files\nodejs11\;C:\Program Files\Symfony;C:\wamp64\bin\php\php7.2.10;C:\ProgramData\ComposerSetup\bin;C:\Users\Igor\AppData\Local\Microsoft\WindowsApps;C:\Users\Igor\AppData\Local\atom\bin;C:\Program Files\Java\jdk1.8.0_181\bin;C:\Users\Igor\AppData\Roaming\Composer\vendor\bin;C:\Users\Igor\AppData\Roaming\npm;C:\Users\Igor\AppData\Roaming\npm\node_modules\@angular\cli\bin
USERNAME=Igor
DISPLAY=:0.0
OS=Windows_NT
PROCESSOR_IDENTIFIER=Intel64 Family 6 Model 78 Stepping 3, GenuineIntel



---------------  S Y S T E M  ---------------

OS: Windows 10.0 , 64 bit Build 14393 (10.0.14393.2906)

CPU:total 4 (initial active 4) (2 cores per cpu, 2 threads per core) family 6 model 78 stepping 3, cmov, cx8, fxsr, mmx, sse, sse2, sse3, ssse3, sse4.1, sse4.2, popcnt, avx, avx2, aes, clmul, erms, rtm, 3dnowpref, lzcnt, ht, tsc, tscinvbit, bmi1, bmi2, adx

Memory: 4k page, physical 8266316k(140068k free), swap 33432140k(5960k free)

vm_info: OpenJDK 64-Bit Server VM (25.202-b49) for windows-amd64 JRE (1.8.0_202-release-1483-b49), built on Apr 10 2019 16:54:32 by "builduser" with MS VC++ 10.0 (VS2010)

time: Tue Jul 30 13:25:02 2019
timezone: Paris, Madrid (heure d’été)
elapsed time: 0 seconds (0d 0h 0m 0s)

